2025-03-09T18:32:55.347+08:00  INFO 33850 --- [restartedMain] com.exist.HelpdeskApplication            : Starting HelpdeskApplication using Java 22.0.2 with PID 33850 (/Users/christelleridad/helpdesk/app/target/classes started by christelleridad in /Users/christelleridad/helpdesk/app)
2025-03-09T18:32:55.348+08:00 DEBUG 33850 --- [restartedMain] com.exist.HelpdeskApplication            : Running with Spring Boot v3.4.2, Spring v6.2.2
2025-03-09T18:32:55.348+08:00  INFO 33850 --- [restartedMain] com.exist.HelpdeskApplication            : No active profile set, falling back to 1 default profile: "default"
2025-03-09T18:32:55.369+08:00  INFO 33850 --- [restartedMain] .e.DevToolsPropertyDefaultsPostProcessor : Devtools property defaults active! Set 'spring.devtools.add-properties' to 'false' to disable
2025-03-09T18:32:55.370+08:00  INFO 33850 --- [restartedMain] .e.DevToolsPropertyDefaultsPostProcessor : For additional web related logging consider setting the 'logging.level.web' property to 'DEBUG'
2025-03-09T18:32:55.616+08:00  INFO 33850 --- [restartedMain] .s.d.r.c.RepositoryConfigurationDelegate : Bootstrapping Spring Data JPA repositories in DEFAULT mode.
2025-03-09T18:32:55.639+08:00  INFO 33850 --- [restartedMain] .s.d.r.c.RepositoryConfigurationDelegate : Finished Spring Data repository scanning in 18 ms. Found 4 JPA repository interfaces.
2025-03-09T18:32:55.844+08:00  INFO 33850 --- [restartedMain] o.s.b.w.embedded.tomcat.TomcatWebServer  : Tomcat initialized with port 8080 (http)
2025-03-09T18:32:55.851+08:00  INFO 33850 --- [restartedMain] o.apache.catalina.core.StandardService   : Starting service [Tomcat]
2025-03-09T18:32:55.851+08:00  INFO 33850 --- [restartedMain] o.apache.catalina.core.StandardEngine    : Starting Servlet engine: [Apache Tomcat/10.1.34]
2025-03-09T18:32:55.866+08:00  INFO 33850 --- [restartedMain] o.a.c.c.C.[Tomcat].[localhost].[/]       : Initializing Spring embedded WebApplicationContext
2025-03-09T18:32:55.866+08:00  INFO 33850 --- [restartedMain] w.s.c.ServletWebServerApplicationContext : Root WebApplicationContext: initialization completed in 496 ms
2025-03-09T18:32:55.924+08:00  INFO 33850 --- [restartedMain] o.hibernate.jpa.internal.util.LogHelper  : HHH000204: Processing PersistenceUnitInfo [name: default]
2025-03-09T18:32:55.952+08:00  INFO 33850 --- [restartedMain] org.hibernate.Version                    : HHH000412: Hibernate ORM core version 6.6.5.Final
2025-03-09T18:32:55.965+08:00  INFO 33850 --- [restartedMain] o.h.c.internal.RegionFactoryInitiator    : HHH000026: Second-level cache disabled
2025-03-09T18:32:56.074+08:00  INFO 33850 --- [restartedMain] o.s.o.j.p.SpringPersistenceUnitInfo      : No LoadTimeWeaver setup: ignoring JPA class transformer
2025-03-09T18:32:56.087+08:00  INFO 33850 --- [restartedMain] com.zaxxer.hikari.HikariDataSource       : HikariPool-1 - Starting...
2025-03-09T18:32:56.170+08:00  INFO 33850 --- [restartedMain] com.zaxxer.hikari.pool.HikariPool        : HikariPool-1 - Added connection org.postgresql.jdbc.PgConnection@7a92237e
2025-03-09T18:32:56.170+08:00  INFO 33850 --- [restartedMain] com.zaxxer.hikari.HikariDataSource       : HikariPool-1 - Start completed.
2025-03-09T18:32:56.185+08:00  WARN 33850 --- [restartedMain] org.hibernate.orm.deprecation            : HHH90000025: PostgreSQLDialect does not need to be specified explicitly using 'hibernate.dialect' (remove the property setting and it will be selected by default)
2025-03-09T18:32:56.191+08:00  INFO 33850 --- [restartedMain] org.hibernate.orm.connections.pooling    : HHH10001005: Database info:
	Database JDBC URL [Connecting through datasource 'HikariDataSource (HikariPool-1)']
	Database driver: undefined/unknown
	Database version: 17.3
	Autocommit mode: undefined/unknown
	Isolation level: undefined/unknown
	Minimum pool size: undefined/unknown
	Maximum pool size: undefined/unknown
2025-03-09T18:32:56.562+08:00  INFO 33850 --- [restartedMain] o.h.e.t.j.p.i.JtaPlatformInitiator       : HHH000489: No JTA platform available (set 'hibernate.transaction.jta.platform' to enable JTA platform integration)
2025-03-09T18:32:56.760+08:00  INFO 33850 --- [restartedMain] j.LocalContainerEntityManagerFactoryBean : Initialized JPA EntityManagerFactory for persistence unit 'default'
2025-03-09T18:32:56.887+08:00  WARN 33850 --- [restartedMain] ConfigServletWebServerApplicationContext : Exception encountered during context initialization - cancelling refresh attempt: org.springframework.beans.factory.UnsatisfiedDependencyException: Error creating bean with name 'employeeService' defined in URL [jar:file:/Users/christelleridad/.m2/repository/com/exist/service/0.0.1-SNAPSHOT/service-0.0.1-SNAPSHOT.jar!/com/exist/EmployeeService.class]: Unsatisfied dependency expressed through constructor parameter 2: No qualifying bean of type 'com.exist.EmployeeMapper' available: expected at least 1 bean which qualifies as autowire candidate. Dependency annotations: {}
2025-03-09T18:32:56.888+08:00  INFO 33850 --- [restartedMain] j.LocalContainerEntityManagerFactoryBean : Closing JPA EntityManagerFactory for persistence unit 'default'
2025-03-09T18:32:56.889+08:00  INFO 33850 --- [restartedMain] com.zaxxer.hikari.HikariDataSource       : HikariPool-1 - Shutdown initiated...
2025-03-09T18:32:56.891+08:00  INFO 33850 --- [restartedMain] com.zaxxer.hikari.HikariDataSource       : HikariPool-1 - Shutdown completed.
2025-03-09T18:32:56.892+08:00  INFO 33850 --- [restartedMain] o.apache.catalina.core.StandardService   : Stopping service [Tomcat]
2025-03-09T18:32:56.898+08:00  INFO 33850 --- [restartedMain] .s.b.a.l.ConditionEvaluationReportLogger : 

Error starting ApplicationContext. To display the condition evaluation report re-run your application with 'debug' enabled.
2025-03-09T18:32:56.907+08:00 ERROR 33850 --- [restartedMain] o.s.b.d.LoggingFailureAnalysisReporter   : 

***************************
APPLICATION FAILED TO START
***************************

Description:

Parameter 2 of constructor in com.exist.EmployeeService required a bean of type 'com.exist.EmployeeMapper' that could not be found.


Action:

Consider defining a bean of type 'com.exist.EmployeeMapper' in your configuration.

