2025-03-07T17:10:40.373+08:00  INFO 11856 --- [restartedMain] com.exist.HelpdeskApplication            : Starting HelpdeskApplication using Java 23.0.2 with PID 11856 (/Users/christelleridad/helpdesk/app/target/classes started by christelleridad in /Users/christelleridad/helpdesk)
2025-03-07T17:10:40.376+08:00 DEBUG 11856 --- [restartedMain] com.exist.HelpdeskApplication            : Running with Spring Boot v3.4.2, Spring v6.2.2
2025-03-07T17:10:40.377+08:00  INFO 11856 --- [restartedMain] com.exist.HelpdeskApplication            : No active profile set, falling back to 1 default profile: "default"
2025-03-07T17:10:40.422+08:00  INFO 11856 --- [restartedMain] .e.DevToolsPropertyDefaultsPostProcessor : Devtools property defaults active! Set 'spring.devtools.add-properties' to 'false' to disable
2025-03-07T17:10:40.423+08:00  INFO 11856 --- [restartedMain] .e.DevToolsPropertyDefaultsPostProcessor : For additional web related logging consider setting the 'logging.level.web' property to 'DEBUG'
2025-03-07T17:10:40.864+08:00  INFO 11856 --- [restartedMain] .s.d.r.c.RepositoryConfigurationDelegate : Bootstrapping Spring Data JPA repositories in DEFAULT mode.
2025-03-07T17:10:40.905+08:00  INFO 11856 --- [restartedMain] .s.d.r.c.RepositoryConfigurationDelegate : Finished Spring Data repository scanning in 36 ms. Found 4 JPA repository interfaces.
2025-03-07T17:10:41.227+08:00  INFO 11856 --- [restartedMain] o.s.b.w.embedded.tomcat.TomcatWebServer  : Tomcat initialized with port 8080 (http)
2025-03-07T17:10:41.238+08:00  INFO 11856 --- [restartedMain] o.apache.catalina.core.StandardService   : Starting service [Tomcat]
2025-03-07T17:10:41.238+08:00  INFO 11856 --- [restartedMain] o.apache.catalina.core.StandardEngine    : Starting Servlet engine: [Apache Tomcat/10.1.34]
2025-03-07T17:10:41.266+08:00  INFO 11856 --- [restartedMain] o.a.c.c.C.[Tomcat].[localhost].[/]       : Initializing Spring embedded WebApplicationContext
2025-03-07T17:10:41.267+08:00  INFO 11856 --- [restartedMain] w.s.c.ServletWebServerApplicationContext : Root WebApplicationContext: initialization completed in 844 ms
2025-03-07T17:10:41.368+08:00  INFO 11856 --- [restartedMain] o.hibernate.jpa.internal.util.LogHelper  : HHH000204: Processing PersistenceUnitInfo [name: default]
2025-03-07T17:10:41.404+08:00  INFO 11856 --- [restartedMain] org.hibernate.Version                    : HHH000412: Hibernate ORM core version 6.6.5.Final
2025-03-07T17:10:41.433+08:00  INFO 11856 --- [restartedMain] o.h.c.internal.RegionFactoryInitiator    : HHH000026: Second-level cache disabled
2025-03-07T17:10:41.634+08:00  INFO 11856 --- [restartedMain] o.s.o.j.p.SpringPersistenceUnitInfo      : No LoadTimeWeaver setup: ignoring JPA class transformer
2025-03-07T17:10:41.655+08:00  INFO 11856 --- [restartedMain] com.zaxxer.hikari.HikariDataSource       : HikariPool-1 - Starting...
2025-03-07T17:10:41.797+08:00  INFO 11856 --- [restartedMain] com.zaxxer.hikari.pool.HikariPool        : HikariPool-1 - Added connection org.postgresql.jdbc.PgConnection@540faaea
2025-03-07T17:10:41.797+08:00  INFO 11856 --- [restartedMain] com.zaxxer.hikari.HikariDataSource       : HikariPool-1 - Start completed.
2025-03-07T17:10:41.837+08:00  WARN 11856 --- [restartedMain] org.hibernate.orm.deprecation            : HHH90000025: PostgreSQLDialect does not need to be specified explicitly using 'hibernate.dialect' (remove the property setting and it will be selected by default)
2025-03-07T17:10:41.849+08:00  INFO 11856 --- [restartedMain] org.hibernate.orm.connections.pooling    : HHH10001005: Database info:
	Database JDBC URL [Connecting through datasource 'HikariDataSource (HikariPool-1)']
	Database driver: undefined/unknown
	Database version: 17.3
	Autocommit mode: undefined/unknown
	Isolation level: undefined/unknown
	Minimum pool size: undefined/unknown
	Maximum pool size: undefined/unknown
2025-03-07T17:10:42.414+08:00  INFO 11856 --- [restartedMain] o.h.e.t.j.p.i.JtaPlatformInitiator       : HHH000489: No JTA platform available (set 'hibernate.transaction.jta.platform' to enable JTA platform integration)
2025-03-07T17:10:42.682+08:00  INFO 11856 --- [restartedMain] j.LocalContainerEntityManagerFactoryBean : Initialized JPA EntityManagerFactory for persistence unit 'default'
2025-03-07T17:10:42.973+08:00  WARN 11856 --- [restartedMain] JpaBaseConfiguration$JpaWebConfiguration : spring.jpa.open-in-view is enabled by default. Therefore, database queries may be performed during view rendering. Explicitly configure spring.jpa.open-in-view to disable this warning
2025-03-07T17:10:43.161+08:00  INFO 11856 --- [restartedMain] o.s.b.d.a.OptionalLiveReloadServer       : LiveReload server is running on port 35729
2025-03-07T17:10:43.180+08:00  INFO 11856 --- [restartedMain] o.s.b.w.embedded.tomcat.TomcatWebServer  : Tomcat started on port 8080 (http) with context path '/'
2025-03-07T17:10:43.190+08:00  INFO 11856 --- [restartedMain] com.exist.HelpdeskApplication            : Started HelpdeskApplication in 3.229 seconds (process running for 3.676)
2025-03-07T17:12:39.688+08:00  INFO 11856 --- [http-nio-8080-exec-2] o.a.c.c.C.[Tomcat].[localhost].[/]       : Initializing Spring DispatcherServlet 'dispatcherServlet'
2025-03-07T17:12:39.689+08:00  INFO 11856 --- [http-nio-8080-exec-2] o.s.web.servlet.DispatcherServlet        : Initializing Servlet 'dispatcherServlet'
2025-03-07T17:12:39.691+08:00  INFO 11856 --- [http-nio-8080-exec-2] o.s.web.servlet.DispatcherServlet        : Completed initialization in 2 ms
2025-03-07T17:12:39.858+08:00  INFO 11856 --- [http-nio-8080-exec-2] com.exist.EmployeeService                : Total employees found: 14
2025-03-07T17:14:39.677+08:00 ERROR 11856 --- [http-nio-8080-exec-6] com.exist.EmployeeService                : Employee with ID 100 not found
2025-03-07T17:14:39.691+08:00  WARN 11856 --- [http-nio-8080-exec-6] .m.m.a.ExceptionHandlerExceptionResolver : Resolved [com.exist.EmployeeNotFoundException: Employee with ID 100 not found.]
2025-03-07T17:18:50.626+08:00  INFO 11856 --- [http-nio-8080-exec-8] com.exist.EmployeeService                : Employee Brent Faiyaz saved successfully with ID: 20
2025-03-07T17:20:59.619+08:00  INFO 11856 --- [http-nio-8080-exec-2] com.exist.RoleService                    : Fetching all roles
2025-03-07T17:23:21.071+08:00  WARN 11856 --- [http-nio-8080-exec-5] .m.m.a.ExceptionHandlerExceptionResolver : Resolved [org.springframework.web.HttpRequestMethodNotSupportedException: Request method 'POST' is not supported]
2025-03-07T17:26:00.364+08:00  WARN 11856 --- [http-nio-8080-exec-10] .m.m.a.ExceptionHandlerExceptionResolver : Resolved [org.springframework.web.servlet.resource.NoResourceFoundException: No static resource api/employees.]
2025-03-07T17:26:05.668+08:00  WARN 11856 --- [http-nio-8080-exec-3] .m.m.a.ExceptionHandlerExceptionResolver : Resolved [org.springframework.web.servlet.resource.NoResourceFoundException: No static resource api/employees.]
2025-03-07T17:26:09.794+08:00  WARN 11856 --- [http-nio-8080-exec-5] .m.m.a.ExceptionHandlerExceptionResolver : Resolved [org.springframework.web.servlet.resource.NoResourceFoundException: No static resource api/employees.]
2025-03-07T17:26:19.728+08:00  INFO 11856 --- [http-nio-8080-exec-6] com.exist.EmployeeService                : Total employees found: 15
2025-03-07T17:26:35.038+08:00  INFO 11856 --- [http-nio-8080-exec-9] com.exist.EmployeeService                : Attempting to delete employee with ID: 20
2025-03-07T17:26:35.404+08:00  WARN 11856 --- [http-nio-8080-exec-9] o.h.engine.jdbc.spi.SqlExceptionHelper   : SQL Error: 0, SQLState: 23503
2025-03-07T17:26:35.404+08:00 ERROR 11856 --- [http-nio-8080-exec-9] o.h.engine.jdbc.spi.SqlExceptionHelper   : ERROR: update or delete on table "employees" violates foreign key constraint "fkjpwimw97fyirf6q4am41dly1i" on table "tickets"
  Detail: Key (id)=(20) is still referenced from table "tickets".
2025-03-07T17:26:35.420+08:00  WARN 11856 --- [http-nio-8080-exec-9] .m.m.a.ExceptionHandlerExceptionResolver : Resolved [org.springframework.dao.DataIntegrityViolationException: could not execute statement [ERROR: update or delete on table "employees" violates foreign key constraint "fkjpwimw97fyirf6q4am41dly1i" on table "tickets"<EOL>  Detail: Key (id)=(20) is still referenced from table "tickets".] [delete from employees where id=?]; SQL [delete from employees where id=?]; constraint [fkjpwimw97fyirf6q4am41dly1i]]
2025-03-07T18:09:17.831+08:00  WARN 11856 --- [HikariPool-1 housekeeper] com.zaxxer.hikari.pool.HikariPool        : HikariPool-1 - Thread starvation or clock leap detected (housekeeper delta=15m35s469ms).
2025-03-07T18:21:47.902+08:00  WARN 11856 --- [HikariPool-1 housekeeper] com.zaxxer.hikari.pool.HikariPool        : HikariPool-1 - Thread starvation or clock leap detected (housekeeper delta=12m51ms).
2025-03-07T18:27:42.792+08:00  WARN 11856 --- [HikariPool-1 housekeeper] com.zaxxer.hikari.pool.HikariPool        : HikariPool-1 - Thread starvation or clock leap detected (housekeeper delta=54s827ms).
2025-03-07T18:40:59.742+08:00  WARN 11856 --- [HikariPool-1 housekeeper] com.zaxxer.hikari.pool.HikariPool        : HikariPool-1 - Thread starvation or clock leap detected (housekeeper delta=12m46s941ms).
2025-03-07T18:42:52.979+08:00  WARN 11856 --- [HikariPool-1 housekeeper] com.zaxxer.hikari.pool.HikariPool        : HikariPool-1 - Thread starvation or clock leap detected (housekeeper delta=53s213ms).
2025-03-07T18:59:17.981+08:00  WARN 11856 --- [HikariPool-1 housekeeper] com.zaxxer.hikari.pool.HikariPool        : HikariPool-1 - Thread starvation or clock leap detected (housekeeper delta=15m54s976ms).
2025-03-07T19:15:12.642+08:00  WARN 11856 --- [HikariPool-1 housekeeper] com.zaxxer.hikari.pool.HikariPool        : HikariPool-1 - Thread starvation or clock leap detected (housekeeper delta=14m24s643ms).
2025-03-07T19:19:11.311+08:00  WARN 11856 --- [HikariPool-1 housekeeper] com.zaxxer.hikari.pool.HikariPool        : HikariPool-1 - Thread starvation or clock leap detected (housekeeper delta=58s629ms).
2025-03-07T19:21:08.756+08:00  WARN 11856 --- [HikariPool-1 housekeeper] com.zaxxer.hikari.pool.HikariPool        : HikariPool-1 - Thread starvation or clock leap detected (housekeeper delta=1m27s433ms).
2025-03-07T19:23:52.766+08:00  WARN 11856 --- [HikariPool-1 housekeeper] com.zaxxer.hikari.pool.HikariPool        : HikariPool-1 - Thread starvation or clock leap detected (housekeeper delta=1m43s992ms).
2025-03-07T19:26:16.985+08:00  WARN 11856 --- [HikariPool-1 housekeeper] com.zaxxer.hikari.pool.HikariPool        : HikariPool-1 - Thread starvation or clock leap detected (housekeeper delta=2m24s219ms).
2025-03-07T19:28:15.374+08:00  WARN 11856 --- [HikariPool-1 housekeeper] com.zaxxer.hikari.pool.HikariPool        : HikariPool-1 - Thread starvation or clock leap detected (housekeeper delta=58s370ms).
2025-03-07T19:30:04.197+08:00  WARN 11856 --- [HikariPool-1 housekeeper] com.zaxxer.hikari.pool.HikariPool        : HikariPool-1 - Thread starvation or clock leap detected (housekeeper delta=1m18s809ms).
2025-03-07T19:31:33.082+08:00  WARN 11856 --- [HikariPool-1 housekeeper] com.zaxxer.hikari.pool.HikariPool        : HikariPool-1 - Thread starvation or clock leap detected (housekeeper delta=58s870ms).
2025-03-07T19:37:36.438+08:00  WARN 11856 --- [HikariPool-1 housekeeper] com.zaxxer.hikari.pool.HikariPool        : HikariPool-1 - Thread starvation or clock leap detected (housekeeper delta=5m33s334ms).
2025-03-07T19:39:34.858+08:00  WARN 11856 --- [HikariPool-1 housekeeper] com.zaxxer.hikari.pool.HikariPool        : HikariPool-1 - Thread starvation or clock leap detected (housekeeper delta=58s405ms).
2025-03-07T19:42:04.836+08:00  WARN 11856 --- [HikariPool-1 housekeeper] com.zaxxer.hikari.pool.HikariPool        : HikariPool-1 - Thread starvation or clock leap detected (housekeeper delta=2m29s979ms).
2025-03-07T19:46:03.383+08:00  WARN 11856 --- [HikariPool-1 housekeeper] com.zaxxer.hikari.pool.HikariPool        : HikariPool-1 - Thread starvation or clock leap detected (housekeeper delta=58s516ms).
2025-03-07T19:48:02.139+08:00  WARN 11856 --- [HikariPool-1 housekeeper] com.zaxxer.hikari.pool.HikariPool        : HikariPool-1 - Thread starvation or clock leap detected (housekeeper delta=58s711ms).
2025-03-07T19:49:34.903+08:00  WARN 11856 --- [HikariPool-1 housekeeper] com.zaxxer.hikari.pool.HikariPool        : HikariPool-1 - Thread starvation or clock leap detected (housekeeper delta=1m32s764ms).
2025-03-07T19:52:03.407+08:00  WARN 11856 --- [HikariPool-1 housekeeper] com.zaxxer.hikari.pool.HikariPool        : HikariPool-1 - Thread starvation or clock leap detected (housekeeper delta=58s480ms).
2025-03-07T19:58:05.343+08:00  WARN 11856 --- [HikariPool-1 housekeeper] com.zaxxer.hikari.pool.HikariPool        : HikariPool-1 - Thread starvation or clock leap detected (housekeeper delta=6m1s937ms).
2025-03-07T20:30:04.153+08:00  WARN 11856 --- [HikariPool-1 housekeeper] com.zaxxer.hikari.pool.HikariPool        : HikariPool-1 - Thread starvation or clock leap detected (housekeeper delta=58s467ms).
2025-03-07T20:32:31.552+08:00  WARN 11856 --- [HikariPool-1 housekeeper] com.zaxxer.hikari.pool.HikariPool        : HikariPool-1 - Thread starvation or clock leap detected (housekeeper delta=1m57s379ms).
2025-03-07T20:34:30.163+08:00  WARN 11856 --- [HikariPool-1 housekeeper] com.zaxxer.hikari.pool.HikariPool        : HikariPool-1 - Thread starvation or clock leap detected (housekeeper delta=58s589ms).
2025-03-07T20:45:26.213+08:00  WARN 11856 --- [HikariPool-1 housekeeper] com.zaxxer.hikari.pool.HikariPool        : HikariPool-1 - Thread starvation or clock leap detected (housekeeper delta=10m56s50ms).
2025-03-07T21:58:25.365+08:00  WARN 11856 --- [HikariPool-1 housekeeper] com.zaxxer.hikari.pool.HikariPool        : HikariPool-1 - Thread starvation or clock leap detected (housekeeper delta=58s493ms).
2025-03-07T22:14:50.372+08:00  WARN 11856 --- [HikariPool-1 housekeeper] com.zaxxer.hikari.pool.HikariPool        : HikariPool-1 - Thread starvation or clock leap detected (housekeeper delta=15m54s990ms).
2025-03-07T22:15:36.627+08:00  WARN 11856 --- [HikariPool-1 housekeeper] com.zaxxer.hikari.pool.HikariPool        : HikariPool-1 - Thread starvation or clock leap detected (housekeeper delta=46s256ms).
2025-03-07T22:16:52.654+08:00  WARN 11856 --- [HikariPool-1 housekeeper] com.zaxxer.hikari.pool.HikariPool        : HikariPool-1 - Thread starvation or clock leap detected (housekeeper delta=46s17ms).
2025-03-07T22:32:47.643+08:00  WARN 11856 --- [HikariPool-1 housekeeper] com.zaxxer.hikari.pool.HikariPool        : HikariPool-1 - Thread starvation or clock leap detected (housekeeper delta=15m54s989ms).
2025-03-07T22:47:08.737+08:00  WARN 11856 --- [HikariPool-1 housekeeper] com.zaxxer.hikari.pool.HikariPool        : HikariPool-1 - Thread starvation or clock leap detected (housekeeper delta=13m21s78ms).
2025-03-07T22:52:14.183+08:00  WARN 11856 --- [HikariPool-1 housekeeper] com.zaxxer.hikari.pool.HikariPool        : HikariPool-1 - Thread starvation or clock leap detected (housekeeper delta=4m35s428ms).
2025-03-07T22:53:42.692+08:00  WARN 11856 --- [HikariPool-1 housekeeper] com.zaxxer.hikari.pool.HikariPool        : HikariPool-1 - Thread starvation or clock leap detected (housekeeper delta=58s501ms).
2025-03-07T22:57:19.698+08:00  WARN 11856 --- [HikariPool-1 housekeeper] com.zaxxer.hikari.pool.HikariPool        : HikariPool-1 - Thread starvation or clock leap detected (housekeeper delta=3m6s993ms).
2025-03-07T23:11:46.110+08:00  WARN 11856 --- [HikariPool-1 housekeeper] com.zaxxer.hikari.pool.HikariPool        : HikariPool-1 - Thread starvation or clock leap detected (housekeeper delta=13m26s394ms).
2025-03-07T23:17:04.825+08:00  INFO 11856 --- [SpringApplicationShutdownHook] o.s.b.w.e.tomcat.GracefulShutdown        : Commencing graceful shutdown. Waiting for active requests to complete
2025-03-07T23:17:04.838+08:00  INFO 11856 --- [tomcat-shutdown] o.s.b.w.e.tomcat.GracefulShutdown        : Graceful shutdown complete
2025-03-07T23:17:04.848+08:00  INFO 11856 --- [SpringApplicationShutdownHook] j.LocalContainerEntityManagerFactoryBean : Closing JPA EntityManagerFactory for persistence unit 'default'
2025-03-07T23:17:04.860+08:00  INFO 11856 --- [SpringApplicationShutdownHook] com.zaxxer.hikari.HikariDataSource       : HikariPool-1 - Shutdown initiated...
2025-03-07T23:17:04.862+08:00  INFO 11856 --- [SpringApplicationShutdownHook] com.zaxxer.hikari.HikariDataSource       : HikariPool-1 - Shutdown completed.
